<?xml version="1.0" encoding="UTF-8"?>
<!-- Generated by org.testng.reporters.JUnitReportReporter -->
<testsuite ignored="0" hostname="LAPTOP-QBRT0KOB" failures="0" tests="1" name="NewTest" time="7.387" errors="0" timestamp="21 ago. 2021 15:45:47 GMT" skipped="0">
  <testcase classname="NewTest" name="f" time="7.387"/>
</testsuite> <!-- NewTest -->
